<?xml version="1.0" encoding="UTF-8"?>
<!-- Generated by org.testng.reporters.JUnitXMLReporter -->
<testsuite ignored="18" hostname="DESKTOP-809396K" failures="0" tests="1" name="coyni_mobile.tests.LoginTest.testLoginWithInvalidCredentials" time="21.308" errors="0" timestamp="2021-12-08T22:32:54 IST">
  <testcase classname="coyni_mobile.tests.LoginTest" name="testLoginWithInvalidCredentials" time="21.306"/>
  <testcase classname="coyni_mobile.tests.LoginTest" name="testForgotPassword" time="0.0">
    <ignored/>
  </testcase> <!-- testForgotPassword -->
  <testcase classname="coyni_mobile.tests.LoginTest" name="testLoginFieldValidation" time="0.0">
    <ignored/>
  </testcase> <!-- testLoginFieldValidation -->
  <testcase classname="coyni_mobile.tests.LoginTest" name="testRetrieveEmail" time="0.0">
    <ignored/>
  </testcase> <!-- testRetrieveEmail -->
  <testcase classname="coyni_mobile.tests.LoginTest" name="testForgotPasswordInvalidOTPCredentials" time="0.0">
    <ignored/>
  </testcase> <!-- testForgotPasswordInvalidOTPCredentials -->
  <testcase classname="coyni_mobile.tests.LoginTest" name="testRetrieveEmailWithInvalidCredentials" time="0.0">
    <ignored/>
  </testcase> <!-- testRetrieveEmailWithInvalidCredentials -->
  <testcase classname="coyni_mobile.tests.LoginTest" name="testDisableFaceIDTouchIDForgotpin" time="0.0">
    <ignored/>
  </testcase> <!-- testDisableFaceIDTouchIDForgotpin -->
  <testcase classname="coyni_mobile.tests.LoginTest" name="testUserHavingPINEnableOnAppLevel" time="0.0">
    <ignored/>
  </testcase> <!-- testUserHavingPINEnableOnAppLevel -->
  <testcase classname="coyni_mobile.tests.LoginTest" name="testRetrieveEmailWithEmptyCredentials" time="0.0">
    <ignored/>
  </testcase> <!-- testRetrieveEmailWithEmptyCredentials -->
  <testcase classname="coyni_mobile.tests.LoginTest" name="testLoginEnableFaceId" time="0.0">
    <ignored/>
  </testcase> <!-- testLoginEnableFaceId -->
  <testcase classname="coyni_mobile.tests.LoginTest" name="testRetrieveEmailWithFirstLastNameMorethanCount" time="0.0">
    <ignored/>
  </testcase> <!-- testRetrieveEmailWithFirstLastNameMorethanCount -->
  <testcase classname="coyni_mobile.tests.LoginTest" name="testRetrieveEmailWithInvalidFirstAndLastName" time="0.0">
    <ignored/>
  </testcase> <!-- testRetrieveEmailWithInvalidFirstAndLastName -->
  <testcase classname="coyni_mobile.tests.LoginTest" name="testForgotPasswordInvalidEmailCredentials" time="0.0">
    <ignored/>
  </testcase> <!-- testForgotPasswordInvalidEmailCredentials -->
  <testcase classname="coyni_mobile.tests.LoginTest" name="testLoginNavigationView" time="0.0">
    <ignored/>
  </testcase> <!-- testLoginNavigationView -->
  <testcase classname="coyni_mobile.tests.LoginTest" name="testRetrieveEmailWithInvalidOTPCredentials" time="0.0">
    <ignored/>
  </testcase> <!-- testRetrieveEmailWithInvalidOTPCredentials -->
  <testcase classname="coyni_mobile.tests.LoginTest" name="testDisableFaceIDTouchID" time="0.0">
    <ignored/>
  </testcase> <!-- testDisableFaceIDTouchID -->
  <testcase classname="coyni_mobile.tests.LoginTest" name="testRetrieveEmailWithPhoneNumberMorethanCount" time="0.0">
    <ignored/>
  </testcase> <!-- testRetrieveEmailWithPhoneNumberMorethanCount -->
  <testcase classname="coyni_mobile.tests.LoginTest" name="testForgotPin" time="0.0">
    <ignored/>
  </testcase> <!-- testForgotPin -->
  <testcase classname="coyni_mobile.tests.LoginTest" name="testLogin" time="0.0">
    <ignored/>
  </testcase> <!-- testLogin -->
</testsuite> <!-- coyni_mobile.tests.LoginTest.testLoginWithInvalidCredentials -->
