<?xml version="1.0" encoding="UTF-8"?>
<!-- Generated by org.testng.reporters.JUnitXMLReporter -->
<testsuite ignored="19" hostname="DESKTOP-809396K" failures="0" tests="1" name="coyni_mobile.tests.LoginTest.testLogin" time="28.282" errors="0" timestamp="2022-01-22T18:47:27 IST">
  <testcase classname="coyni_mobile.tests.LoginTest" name="testLogin" time="27.911"/>
  <testcase classname="coyni_mobile.tests.LoginTest" name="testForgotPassword" time="0.0">
    <ignored/>
  </testcase> <!-- testForgotPassword -->
  <testcase classname="coyni_mobile.tests.LoginTest" name="testLoginFieldValidation" time="0.0">
    <ignored/>
  </testcase> <!-- testLoginFieldValidation -->
  <testcase classname="coyni_mobile.tests.LoginTest" name="testRetrieveEmail" time="0.0">
    <ignored/>
  </testcase> <!-- testRetrieveEmail -->
  <testcase classname="coyni_mobile.tests.LoginTest" name="testForgotPasswordInvalidOTPCredentials" time="0.0">
    <ignored/>
  </testcase> <!-- testForgotPasswordInvalidOTPCredentials -->
  <testcase classname="coyni_mobile.tests.LoginTest" name="testRetrieveEmailWithInvalidCredentials" time="0.0">
    <ignored/>
  </testcase> <!-- testRetrieveEmailWithInvalidCredentials -->
  <testcase classname="coyni_mobile.tests.LoginTest" name="testRetrieveEmailNavigationOptions" time="0.0">
    <ignored/>
  </testcase> <!-- testRetrieveEmailNavigationOptions -->
  <testcase classname="coyni_mobile.tests.LoginTest" name="testRetrieveEmailView" time="0.0">
    <ignored/>
  </testcase> <!-- testRetrieveEmailView -->
  <testcase classname="coyni_mobile.tests.LoginTest" name="testForgotPasswordInvalidEmailCredentials" time="0.0">
    <ignored/>
  </testcase> <!-- testForgotPasswordInvalidEmailCredentials -->
  <testcase classname="coyni_mobile.tests.LoginTest" name="testLoginWithOutPin" time="0.0">
    <ignored/>
  </testcase> <!-- testLoginWithOutPin -->
  <testcase classname="coyni_mobile.tests.LoginTest" name="testLoginNavigationView" time="0.0">
    <ignored/>
  </testcase> <!-- testLoginNavigationView -->
  <testcase classname="coyni_mobile.tests.LoginTest" name="testRetrieveEmailWithInvalidOTPCredentials" time="0.0">
    <ignored/>
  </testcase> <!-- testRetrieveEmailWithInvalidOTPCredentials -->
  <testcase classname="coyni_mobile.tests.LoginTest" name="testForgotPasswordWithFieldValidation" time="0.0">
    <ignored/>
  </testcase> <!-- testForgotPasswordWithFieldValidation -->
  <testcase classname="coyni_mobile.tests.LoginTest" name="testForgotPasswordWithNavigationOption" time="0.0">
    <ignored/>
  </testcase> <!-- testForgotPasswordWithNavigationOption -->
  <testcase classname="coyni_mobile.tests.LoginTest" name="testForgotPinWithBackNavigation" time="0.0">
    <ignored/>
  </testcase> <!-- testForgotPinWithBackNavigation -->
  <testcase classname="coyni_mobile.tests.LoginTest" name="testForgotPin" time="0.0">
    <ignored/>
  </testcase> <!-- testForgotPin -->
  <testcase classname="coyni_mobile.tests.LoginTest" name="testRetrieveEmailFieldValidations" time="0.0">
    <ignored/>
  </testcase> <!-- testRetrieveEmailFieldValidations -->
  <testcase classname="coyni_mobile.tests.LoginTest" name="testLoginWithInvalidCredentials" time="0.0">
    <ignored/>
  </testcase> <!-- testLoginWithInvalidCredentials -->
  <testcase classname="coyni_mobile.tests.LoginTest" name="testForgotPinWithInvalidData" time="0.0">
    <ignored/>
  </testcase> <!-- testForgotPinWithInvalidData -->
  <testcase classname="coyni_mobile.tests.LoginTest" name="testForgotPinWithValidData" time="0.0">
    <ignored/>
  </testcase> <!-- testForgotPinWithValidData -->
</testsuite> <!-- coyni_mobile.tests.LoginTest.testLogin -->
