<?xml version="1.0" encoding="UTF-8"?>
<!-- Generated by org.testng.reporters.JUnitXMLReporter -->
<testsuite ignored="28" hostname="DESKTOP-809396K" failures="0" tests="1" name="coyni_mobile.tests.CustomerProfileTest.testEditCard" time="0.007" errors="0" timestamp="2022-01-23T19:21:05 IST">
  <testcase classname="coyni_mobile.tests.CustomerProfileTest" name="@BeforeTest init" time="0.003">
    <failure type="java.lang.NullPointerException">
      <![CDATA[java.lang.NullPointerException
at java.base/java.util.Objects.requireNonNull(Objects.java:208)
at org.openqa.selenium.support.ui.FluentWait.<init>(FluentWait.java:106)
at org.openqa.selenium.support.ui.WebDriverWait.<init>(WebDriverWait.java:85)
at org.openqa.selenium.support.ui.WebDriverWait.<init>(WebDriverWait.java:45)
at ilabs.MobileFramework.MobileFunctions.<init>(MobileFunctions.java:66)
at coyni_mobile.pages.CustomerProfilePage.<init>(CustomerProfilePage.java:16)
at coyni_mobile.tests.CustomerProfileTest.init(CustomerProfileTest.java:26)
at ilabs.MobileFramework.TestReader.run(TestReader.java:53)
at ilabs.MobileFramework.Runner.runOneIteration(Runner.java:149)
at ilabs.MobileFramework.Runner.run(Runner.java:61)
at coyni_mobile.runner.TestRunner.main(TestRunner.java:9)
... Removed 21 stack frames]]>
    </failure>
  </testcase> <!-- @BeforeTest init -->
  <testcase classname="coyni_mobile.tests.CustomerProfileTest" name="testEditCard" time="0.0">
    <skipped/>
  </testcase> <!-- testEditCard -->
  <testcase classname="coyni_mobile.tests.CustomerProfileTest" name="testAddCard" time="0.0">
    <ignored/>
  </testcase> <!-- testAddCard -->
  <testcase classname="coyni_mobile.tests.CustomerProfileTest" name="testChangePassword" time="0.0">
    <ignored/>
  </testcase> <!-- testChangePassword -->
  <testcase classname="coyni_mobile.tests.CustomerProfileTest" name="testAddCreditCard" time="0.0">
    <ignored/>
  </testcase> <!-- testAddCreditCard -->
  <testcase classname="coyni_mobile.tests.CustomerProfileTest" name="testEditEmail" time="0.0">
    <ignored/>
  </testcase> <!-- testEditEmail -->
  <testcase classname="coyni_mobile.tests.CustomerProfileTest" name="testAddDebitCard" time="0.0">
    <ignored/>
  </testcase> <!-- testAddDebitCard -->
  <testcase classname="coyni_mobile.tests.CustomerProfileTest" name="testCrossIcon" time="0.0">
    <ignored/>
  </testcase> <!-- testCrossIcon -->
  <testcase classname="coyni_mobile.tests.CustomerProfileTest" name="testCopyTextAndShare" time="0.0">
    <ignored/>
  </testcase> <!-- testCopyTextAndShare -->
  <testcase classname="coyni_mobile.tests.CustomerProfileTest" name="testDashboard" time="0.0">
    <ignored/>
  </testcase> <!-- testDashboard -->
  <testcase classname="coyni_mobile.tests.CustomerProfileTest" name="testAgreements" time="0.0">
    <ignored/>
  </testcase> <!-- testAgreements -->
  <testcase classname="coyni_mobile.tests.CustomerProfileTest" name="testResetPinCode" time="0.0">
    <ignored/>
  </testcase> <!-- testResetPinCode -->
  <testcase classname="coyni_mobile.tests.CustomerProfileTest" name="testEditAddress" time="0.0">
    <ignored/>
  </testcase> <!-- testEditAddress -->
  <testcase classname="coyni_mobile.tests.CustomerProfileTest" name="testEditAddressView" time="0.0">
    <ignored/>
  </testcase> <!-- testEditAddressView -->
  <testcase classname="coyni_mobile.tests.CustomerProfileTest" name="testLogOut" time="0.0">
    <ignored/>
  </testcase> <!-- testLogOut -->
  <testcase classname="coyni_mobile.tests.CustomerProfileTest" name="testAccountLimits" time="0.0">
    <ignored/>
  </testcase> <!-- testAccountLimits -->
  <testcase classname="coyni_mobile.tests.CustomerProfileTest" name="testEditAddressWithInvalidData" time="0.0">
    <ignored/>
  </testcase> <!-- testEditAddressWithInvalidData -->
  <testcase classname="coyni_mobile.tests.CustomerProfileTest" name="testChangePasswordWithNavigationOptions" time="0.0">
    <ignored/>
  </testcase> <!-- testChangePasswordWithNavigationOptions -->
  <testcase classname="coyni_mobile.tests.CustomerProfileTest" name="testChangePasswordWithInvalidCurrentPassword" time="0.0">
    <ignored/>
  </testcase> <!-- testChangePasswordWithInvalidCurrentPassword -->
  <testcase classname="coyni_mobile.tests.CustomerProfileTest" name="testCustomerProfileView" time="0.0">
    <ignored/>
  </testcase> <!-- testCustomerProfileView -->
  <testcase classname="coyni_mobile.tests.CustomerProfileTest" name="testEditEmailView" time="0.0">
    <ignored/>
  </testcase> <!-- testEditEmailView -->
  <testcase classname="coyni_mobile.tests.CustomerProfileTest" name="testEditEmailWithInvalidData" time="0.0">
    <ignored/>
  </testcase> <!-- testEditEmailWithInvalidData -->
  <testcase classname="coyni_mobile.tests.CustomerProfileTest" name="testEditPhoneNumberView" time="0.0">
    <ignored/>
  </testcase> <!-- testEditPhoneNumberView -->
  <testcase classname="coyni_mobile.tests.CustomerProfileTest" name="testClickCustomerProfile" time="0.0">
    <ignored/>
  </testcase> <!-- testClickCustomerProfile -->
  <testcase classname="coyni_mobile.tests.CustomerProfileTest" name="testProfileView" time="0.0">
    <ignored/>
  </testcase> <!-- testProfileView -->
  <testcase classname="coyni_mobile.tests.CustomerProfileTest" name="testAddExternalBankAccount" time="0.0">
    <ignored/>
  </testcase> <!-- testAddExternalBankAccount -->
  <testcase classname="coyni_mobile.tests.CustomerProfileTest" name="testEditImageView" time="0.0">
    <ignored/>
  </testcase> <!-- testEditImageView -->
  <testcase classname="coyni_mobile.tests.CustomerProfileTest" name="testEditPhoneNumber" time="0.0">
    <ignored/>
  </testcase> <!-- testEditPhoneNumber -->
  <testcase classname="coyni_mobile.tests.CustomerProfileTest" name="testResetPinCodeViewFlow" time="0.0">
    <ignored/>
  </testcase> <!-- testResetPinCodeViewFlow -->
  <testcase classname="coyni_mobile.tests.CustomerProfileTest" name="testUserDetailsView" time="0.0">
    <ignored/>
  </testcase> <!-- testUserDetailsView -->
</testsuite> <!-- coyni_mobile.tests.CustomerProfileTest.testEditCard -->
