<?xml version="1.0" encoding="UTF-8"?>
<!-- Generated by org.testng.reporters.JUnitXMLReporter -->
<testsuite ignored="19" hostname="DESKTOP-809396K" failures="0" tests="1" name="coyni_mobile.tests.LoginTest.testLogin" time="0.125" errors="0" timestamp="2022-01-23T19:21:05 IST">
  <testcase classname="coyni_mobile.tests.LoginTest" name="@BeforeTest init" time="0.035">
    <failure type="java.lang.NullPointerException">
      <![CDATA[java.lang.NullPointerException
at java.base/java.util.Objects.requireNonNull(Objects.java:208)
at org.openqa.selenium.support.ui.FluentWait.<init>(FluentWait.java:106)
at org.openqa.selenium.support.ui.WebDriverWait.<init>(WebDriverWait.java:85)
at org.openqa.selenium.support.ui.WebDriverWait.<init>(WebDriverWait.java:45)
at ilabs.MobileFramework.MobileFunctions.<init>(MobileFunctions.java:66)
at coyni_mobile.pages.LoginPage.<init>(LoginPage.java:18)
at coyni_mobile.tests.LoginTest.init(LoginTest.java:30)
at ilabs.MobileFramework.TestReader.run(TestReader.java:53)
at ilabs.MobileFramework.Runner.runOneIteration(Runner.java:149)
at ilabs.MobileFramework.Runner.run(Runner.java:61)
at coyni_mobile.runner.TestRunner.main(TestRunner.java:9)
... Removed 21 stack frames]]>
    </failure>
  </testcase> <!-- @BeforeTest init -->
  <testcase classname="coyni_mobile.tests.LoginTest" name="@AfterTest hideKeyBoard" time="-1.642945865115E9">
    <skipped/>
  </testcase> <!-- @AfterTest hideKeyBoard -->
  <testcase classname="coyni_mobile.tests.LoginTest" name="testLogin" time="0.0">
    <skipped/>
  </testcase> <!-- testLogin -->
  <testcase classname="coyni_mobile.tests.LoginTest" name="testForgotPassword" time="0.0">
    <ignored/>
  </testcase> <!-- testForgotPassword -->
  <testcase classname="coyni_mobile.tests.LoginTest" name="testLoginFieldValidation" time="0.0">
    <ignored/>
  </testcase> <!-- testLoginFieldValidation -->
  <testcase classname="coyni_mobile.tests.LoginTest" name="testRetrieveEmail" time="0.0">
    <ignored/>
  </testcase> <!-- testRetrieveEmail -->
  <testcase classname="coyni_mobile.tests.LoginTest" name="testForgotPasswordInvalidOTPCredentials" time="0.0">
    <ignored/>
  </testcase> <!-- testForgotPasswordInvalidOTPCredentials -->
  <testcase classname="coyni_mobile.tests.LoginTest" name="testRetrieveEmailWithInvalidCredentials" time="0.0">
    <ignored/>
  </testcase> <!-- testRetrieveEmailWithInvalidCredentials -->
  <testcase classname="coyni_mobile.tests.LoginTest" name="testRetrieveEmailNavigationOptions" time="0.0">
    <ignored/>
  </testcase> <!-- testRetrieveEmailNavigationOptions -->
  <testcase classname="coyni_mobile.tests.LoginTest" name="testRetrieveEmailView" time="0.0">
    <ignored/>
  </testcase> <!-- testRetrieveEmailView -->
  <testcase classname="coyni_mobile.tests.LoginTest" name="testForgotPasswordInvalidEmailCredentials" time="0.0">
    <ignored/>
  </testcase> <!-- testForgotPasswordInvalidEmailCredentials -->
  <testcase classname="coyni_mobile.tests.LoginTest" name="testLoginWithOutPin" time="0.0">
    <ignored/>
  </testcase> <!-- testLoginWithOutPin -->
  <testcase classname="coyni_mobile.tests.LoginTest" name="testLoginNavigationView" time="0.0">
    <ignored/>
  </testcase> <!-- testLoginNavigationView -->
  <testcase classname="coyni_mobile.tests.LoginTest" name="testRetrieveEmailWithInvalidOTPCredentials" time="0.0">
    <ignored/>
  </testcase> <!-- testRetrieveEmailWithInvalidOTPCredentials -->
  <testcase classname="coyni_mobile.tests.LoginTest" name="testForgotPasswordWithFieldValidation" time="0.0">
    <ignored/>
  </testcase> <!-- testForgotPasswordWithFieldValidation -->
  <testcase classname="coyni_mobile.tests.LoginTest" name="testForgotPasswordWithNavigationOption" time="0.0">
    <ignored/>
  </testcase> <!-- testForgotPasswordWithNavigationOption -->
  <testcase classname="coyni_mobile.tests.LoginTest" name="testForgotPinWithBackNavigation" time="0.0">
    <ignored/>
  </testcase> <!-- testForgotPinWithBackNavigation -->
  <testcase classname="coyni_mobile.tests.LoginTest" name="testForgotPin" time="0.0">
    <ignored/>
  </testcase> <!-- testForgotPin -->
  <testcase classname="coyni_mobile.tests.LoginTest" name="testRetrieveEmailFieldValidations" time="0.0">
    <ignored/>
  </testcase> <!-- testRetrieveEmailFieldValidations -->
  <testcase classname="coyni_mobile.tests.LoginTest" name="testLoginWithInvalidCredentials" time="0.0">
    <ignored/>
  </testcase> <!-- testLoginWithInvalidCredentials -->
  <testcase classname="coyni_mobile.tests.LoginTest" name="testForgotPinWithInvalidData" time="0.0">
    <ignored/>
  </testcase> <!-- testForgotPinWithInvalidData -->
  <testcase classname="coyni_mobile.tests.LoginTest" name="testForgotPinWithValidData" time="0.0">
    <ignored/>
  </testcase> <!-- testForgotPinWithValidData -->
</testsuite> <!-- coyni_mobile.tests.LoginTest.testLogin -->
