<?xml version="1.0" encoding="UTF-8"?>
<!-- Generated by org.testng.reporters.JUnitXMLReporter -->
<testsuite ignored="18" hostname="DESKTOP-809396K" failures="1" tests="1" name="coyni_mobile.tests.LoginTest.testLoginNavigationView" time="75.911" errors="0" timestamp="2021-12-08T22:35:50 IST">
  <testcase classname="coyni_mobile.tests.LoginTest" name="testLoginNavigationView" time="75.266">
    <failure type="java.lang.AssertionError" message="null">
      <![CDATA[java.lang.AssertionError: null
at ilabs.mobile.reporting.ExtentTestManager.setFailMessageInReport(ExtentTestManager.java:72)
at coyni_mobile.utilities.CommonFunctions.elementView(CommonFunctions.java:35)
at coyni_mobile.components.EnterYourPINComponent.verifyEnterYourPinView(EnterYourPINComponent.java:43)
at coyni_mobile.tests.LoginTest.testLoginNavigationView(LoginTest.java:100)
at java.base/java.util.ArrayList.forEach(ArrayList.java:1511)
at ilabs.MobileFramework.TestReader.run(TestReader.java:55)
at ilabs.MobileFramework.Runner.runOneIteration(Runner.java:149)
at ilabs.MobileFramework.Runner.runRangeOfIterations(Runner.java:113)
at ilabs.MobileFramework.Runner.run(Runner.java:64)
at coyni_mobile.runner.TestRunner.main(TestRunner.java:9)
... Removed 26 stack frames]]>
    </failure>
  </testcase> <!-- testLoginNavigationView -->
  <testcase classname="coyni_mobile.tests.LoginTest" name="testForgotPassword" time="0.0">
    <ignored/>
  </testcase> <!-- testForgotPassword -->
  <testcase classname="coyni_mobile.tests.LoginTest" name="testLoginFieldValidation" time="0.0">
    <ignored/>
  </testcase> <!-- testLoginFieldValidation -->
  <testcase classname="coyni_mobile.tests.LoginTest" name="testRetrieveEmail" time="0.0">
    <ignored/>
  </testcase> <!-- testRetrieveEmail -->
  <testcase classname="coyni_mobile.tests.LoginTest" name="testForgotPasswordInvalidOTPCredentials" time="0.0">
    <ignored/>
  </testcase> <!-- testForgotPasswordInvalidOTPCredentials -->
  <testcase classname="coyni_mobile.tests.LoginTest" name="testRetrieveEmailWithInvalidCredentials" time="0.0">
    <ignored/>
  </testcase> <!-- testRetrieveEmailWithInvalidCredentials -->
  <testcase classname="coyni_mobile.tests.LoginTest" name="testDisableFaceIDTouchIDForgotpin" time="0.0">
    <ignored/>
  </testcase> <!-- testDisableFaceIDTouchIDForgotpin -->
  <testcase classname="coyni_mobile.tests.LoginTest" name="testUserHavingPINEnableOnAppLevel" time="0.0">
    <ignored/>
  </testcase> <!-- testUserHavingPINEnableOnAppLevel -->
  <testcase classname="coyni_mobile.tests.LoginTest" name="testRetrieveEmailWithEmptyCredentials" time="0.0">
    <ignored/>
  </testcase> <!-- testRetrieveEmailWithEmptyCredentials -->
  <testcase classname="coyni_mobile.tests.LoginTest" name="testLoginEnableFaceId" time="0.0">
    <ignored/>
  </testcase> <!-- testLoginEnableFaceId -->
  <testcase classname="coyni_mobile.tests.LoginTest" name="testRetrieveEmailWithFirstLastNameMorethanCount" time="0.0">
    <ignored/>
  </testcase> <!-- testRetrieveEmailWithFirstLastNameMorethanCount -->
  <testcase classname="coyni_mobile.tests.LoginTest" name="testRetrieveEmailWithInvalidFirstAndLastName" time="0.0">
    <ignored/>
  </testcase> <!-- testRetrieveEmailWithInvalidFirstAndLastName -->
  <testcase classname="coyni_mobile.tests.LoginTest" name="testForgotPasswordInvalidEmailCredentials" time="0.0">
    <ignored/>
  </testcase> <!-- testForgotPasswordInvalidEmailCredentials -->
  <testcase classname="coyni_mobile.tests.LoginTest" name="testRetrieveEmailWithInvalidOTPCredentials" time="0.0">
    <ignored/>
  </testcase> <!-- testRetrieveEmailWithInvalidOTPCredentials -->
  <testcase classname="coyni_mobile.tests.LoginTest" name="testDisableFaceIDTouchID" time="0.0">
    <ignored/>
  </testcase> <!-- testDisableFaceIDTouchID -->
  <testcase classname="coyni_mobile.tests.LoginTest" name="testRetrieveEmailWithPhoneNumberMorethanCount" time="0.0">
    <ignored/>
  </testcase> <!-- testRetrieveEmailWithPhoneNumberMorethanCount -->
  <testcase classname="coyni_mobile.tests.LoginTest" name="testForgotPin" time="0.0">
    <ignored/>
  </testcase> <!-- testForgotPin -->
  <testcase classname="coyni_mobile.tests.LoginTest" name="testLogin" time="0.0">
    <ignored/>
  </testcase> <!-- testLogin -->
  <testcase classname="coyni_mobile.tests.LoginTest" name="testLoginWithInvalidCredentials" time="0.0">
    <ignored/>
  </testcase> <!-- testLoginWithInvalidCredentials -->
</testsuite> <!-- coyni_mobile.tests.LoginTest.testLoginNavigationView -->
