<?xml version="1.0" encoding="UTF-8"?>
<!-- Generated by org.testng.reporters.JUnitXMLReporter -->
<testsuite ignored="1" hostname="DESKTOP-OEURRR5" failures="0" tests="1" name="coyni_mobile.tests.SignUpTest.testSignUp" time="0.13" errors="0" timestamp="2023-06-05T16:25:35 IST">
  <testcase classname="coyni_mobile.tests.SignUpTest" name="@BeforeMethod init" time="0.026">
    <failure type="java.lang.NullPointerException">
      <![CDATA[java.lang.NullPointerException
at java.base/java.util.Objects.requireNonNull(Objects.java:208)
at org.openqa.selenium.support.ui.FluentWait.<init>(FluentWait.java:106)
at org.openqa.selenium.support.ui.WebDriverWait.<init>(WebDriverWait.java:85)
at org.openqa.selenium.support.ui.WebDriverWait.<init>(WebDriverWait.java:45)
at ilabs.MobileFramework.MobileFunctions.<init>(MobileFunctions.java:66)
at coyni_mobile.pages.SignUpPage.<init>(SignUpPage.java:21)
at coyni_mobile.tests.SignUpTest.init(SignUpTest.java:21)
at java.base/java.util.ArrayList.forEach(ArrayList.java:1511)
at ilabs.MobileFramework.TestReader.run(TestReader.java:53)
at ilabs.MobileFramework.Runner.runOneIteration(Runner.java:149)
at ilabs.MobileFramework.Runner.run(Runner.java:61)
at coyni_mobile.runner.TestRunner.main(TestRunner.java:12)
... Removed 28 stack frames]]>
    </failure>
  </testcase> <!-- @BeforeMethod init -->
  <testcase classname="coyni_mobile.tests.SignUpTest" name="testSignUp" time="0.0">
    <skipped/>
  </testcase> <!-- testSignUp -->
  <testcase classname="coyni_mobile.tests.SignUpTest" name="testSignUpFieldValidations" time="0.0">
    <ignored/>
  </testcase> <!-- testSignUpFieldValidations -->
</testsuite> <!-- coyni_mobile.tests.SignUpTest.testSignUp -->
