<?xml version="1.0" encoding="UTF-8"?>
<testng-results ignored="39" total="41" passed="2" failed="0" skipped="0">
  <reporter-output>
  </reporter-output>
  <suite started-at="2023-04-26T12:05:38 IST" name="test gift card" finished-at="2023-04-26T12:06:50 IST" duration-ms="72155">
    <groups>
    </groups>
    <test started-at="2023-04-26T12:05:38 IST" name="coyni_mobile_merchant.tests.LoginTest.testLogin" finished-at="2023-04-26T12:06:03 IST" duration-ms="25936">
      <class name="coyni_mobile_merchant.tests.LoginTest">
        <test-method is-config="true" signature="init()[pri:0, instance:coyni_mobile_merchant.tests.LoginTest@662f5666]" started-at="2023-04-26T12:05:38 IST" name="init" finished-at="2023-04-26T12:05:39 IST" duration-ms="1449" status="PASS">
          <reporter-output>
          </reporter-output>
        </test-method> <!-- init -->
        <test-method signature="testLogin(java.lang.String)[pri:0, instance:coyni_mobile_merchant.tests.LoginTest@662f5666]" started-at="2023-04-26T12:05:39 IST" name="testLogin" finished-at="2023-04-26T12:06:03 IST" duration-ms="24313" status="PASS">
          <params>
            <param index="0">
              <value>
                <![CDATA[-pemail,
-ppassword,
-ppin,
-ppinHeading,
-ptermsUpdateHeading,
-pprivacyUpdateHeading]]>
              </value>
            </param>
          </params>
          <reporter-output>
          </reporter-output>
        </test-method> <!-- testLogin -->
        <test-method is-config="true" signature="hideKeyBoard()[pri:0, instance:coyni_mobile_merchant.tests.LoginTest@662f5666]" started-at="2023-04-26T12:06:03 IST" name="hideKeyBoard" finished-at="2023-04-26T12:06:03 IST" duration-ms="112" status="PASS">
          <reporter-output>
          </reporter-output>
        </test-method> <!-- hideKeyBoard -->
      </class> <!-- coyni_mobile_merchant.tests.LoginTest -->
    </test> <!-- coyni_mobile_merchant.tests.LoginTest.testLogin -->
    <test started-at="2023-04-26T12:06:04 IST" name="coyni_mobile_merchant.tests.MerchantMenuIconTest.testWithdrawnToUSDGiftCard" finished-at="2023-04-26T12:06:50 IST" duration-ms="46021">
      <class name="coyni_mobile_merchant.tests.MerchantMenuIconTest">
        <test-method is-config="true" signature="init()[pri:0, instance:coyni_mobile_merchant.tests.MerchantMenuIconTest@45cff11c]" started-at="2023-04-26T12:06:04 IST" name="init" finished-at="2023-04-26T12:06:04 IST" duration-ms="66" status="PASS">
          <reporter-output>
          </reporter-output>
        </test-method> <!-- init -->
        <test-method signature="testWithdrawnToUSDGiftCard(java.lang.String)[pri:0, instance:coyni_mobile_merchant.tests.MerchantMenuIconTest@45cff11c]" started-at="2023-04-26T12:06:04 IST" name="testWithdrawnToUSDGiftCard" finished-at="2023-04-26T12:06:50 IST" duration-ms="45864" status="PASS">
          <params>
            <param index="0">
              <value>
                <![CDATA[-pcardHeading,
-ppoplurHeading,
-penterCard,
-pgiftCardHeading,
-pamount,
-pfirstName,
-plastName,
-pemail1,
-porderOverview,
-pamazonGift,
-pvalidateGiftCard,
-precipentEmail,
-ppinHeading,
-ppin,
-pbusinessTokenHeading,
-pfundsHeading,
-pbusinessTokenDescription,
-ptransactionDetailsHeading,
-ptransactionType]]>
              </value>
            </param>
          </params>
          <reporter-output>
          </reporter-output>
        </test-method> <!-- testWithdrawnToUSDGiftCard -->
        <test-method is-config="true" signature="hideKeyBoard()[pri:0, instance:coyni_mobile_merchant.tests.MerchantMenuIconTest@45cff11c]" started-at="2023-04-26T12:06:50 IST" name="hideKeyBoard" finished-at="2023-04-26T12:06:50 IST" duration-ms="84" status="PASS">
          <reporter-output>
          </reporter-output>
        </test-method> <!-- hideKeyBoard -->
      </class> <!-- coyni_mobile_merchant.tests.MerchantMenuIconTest -->
    </test> <!-- coyni_mobile_merchant.tests.MerchantMenuIconTest.testWithdrawnToUSDGiftCard -->
  </suite> <!-- test gift card -->
</testng-results>
