<?xml version="1.0" encoding="UTF-8"?>
<testng-results ignored="87" total="89" passed="1" failed="1" skipped="0">
  <reporter-output>
  </reporter-output>
  <suite started-at="2023-03-17T18:51:13 IST" name="Team Field Validations" finished-at="2023-03-17T18:53:10 IST" duration-ms="116935">
    <groups>
    </groups>
    <test started-at="2023-03-17T18:51:13 IST" name="coyni_mobile_merchant.tests.LoginTest.testLogin" finished-at="2023-03-17T18:51:37 IST" duration-ms="23333">
      <class name="coyni_mobile_merchant.tests.LoginTest">
        <test-method is-config="true" signature="init()[pri:0, instance:coyni_mobile_merchant.tests.LoginTest@10c626be]" started-at="2023-03-17T18:51:13 IST" name="init" finished-at="2023-03-17T18:51:15 IST" duration-ms="1682" status="PASS">
          <reporter-output>
          </reporter-output>
        </test-method> <!-- init -->
        <test-method signature="testLogin(java.lang.String)[pri:0, instance:coyni_mobile_merchant.tests.LoginTest@10c626be]" started-at="2023-03-17T18:51:15 IST" name="testLogin" finished-at="2023-03-17T18:51:37 IST" duration-ms="21533" status="PASS">
          <params>
            <param index="0">
              <value>
                <![CDATA[-pemail,
-ppassword,
-ppin]]>
              </value>
            </param>
          </params>
          <reporter-output>
          </reporter-output>
        </test-method> <!-- testLogin -->
        <test-method is-config="true" signature="hideKeyBoard()[pri:0, instance:coyni_mobile_merchant.tests.LoginTest@10c626be]" started-at="2023-03-17T18:51:37 IST" name="hideKeyBoard" finished-at="2023-03-17T18:51:37 IST" duration-ms="71" status="PASS">
          <reporter-output>
          </reporter-output>
        </test-method> <!-- hideKeyBoard -->
      </class> <!-- coyni_mobile_merchant.tests.LoginTest -->
    </test> <!-- coyni_mobile_merchant.tests.LoginTest.testLogin -->
    <test started-at="2023-03-17T18:51:37 IST" name="coyni_mobile_merchant.tests.MerchantProfileTest.testTeamMemberFieldValidations" finished-at="2023-03-17T18:53:10 IST" duration-ms="93562">
      <class name="coyni_mobile_merchant.tests.MerchantProfileTest">
        <test-method is-config="true" signature="init()[pri:0, instance:coyni_mobile_merchant.tests.MerchantProfileTest@388ba540]" started-at="2023-03-17T18:51:37 IST" name="init" finished-at="2023-03-17T18:51:37 IST" duration-ms="83" status="PASS">
          <reporter-output>
          </reporter-output>
        </test-method> <!-- init -->
        <test-method signature="testTeamMemberFieldValidations(java.lang.String)[pri:0, instance:coyni_mobile_merchant.tests.MerchantProfileTest@388ba540]" started-at="2023-03-17T18:51:37 IST" name="testTeamMemberFieldValidations" finished-at="2023-03-17T18:53:10 IST" duration-ms="93158" status="FAIL">
          <params>
            <param index="0">
              <value>
                <![CDATA[-psearch,
-pteamPageHeading,
-pteamPageDescription,
-pnewTeamMemberHeading,
-pnewTeamMemberDescription,
-pfirstName,
-plastName,
-pteamEmail,
-pphoneNumber,
-pkeyBoardType

]]>
              </value>
            </param>
          </params>
          <exception class="java.lang.AssertionError">
            <message>
              <![CDATA[null]]>
            </message>
            <full-stacktrace>
              <![CDATA[java.lang.AssertionError: null
at org.testng.Assert.fail(Assert.java:99)
at org.testng.Assert.fail(Assert.java:106)
at ilabs.mobile.reporting.ExtentTestManager.setFailMessageInReport(ExtentTestManager.java:76)
at ilabs.MobileFramework.MobileFunctions.getElement(MobileFunctions.java:98)
at ilabs.MobileFramework.MobileFunctions.getText(MobileFunctions.java:288)
at coyni_mobile.utilities.CommonFunctions.enterSpecialKey(CommonFunctions.java:238)
at coyni_mobile_merchant.components.FieldValidationsComponent.validateEmailField(FieldValidationsComponent.java:51)
at coyni_mobile_merchant.tests.MerchantProfileTest.testTeamMemberFieldValidations(MerchantProfileTest.java:1753)
at java.base/jdk.internal.reflect.NativeMethodAccessorImpl.invoke0(Native Method)
at java.base/jdk.internal.reflect.NativeMethodAccessorImpl.invoke(NativeMethodAccessorImpl.java:77)
at java.base/jdk.internal.reflect.DelegatingMethodAccessorImpl.invoke(DelegatingMethodAccessorImpl.java:43)
at java.base/java.lang.reflect.Method.invoke(Method.java:568)
at org.testng.internal.MethodInvocationHelper.invokeMethod(MethodInvocationHelper.java:133)
at org.testng.internal.TestInvoker.invokeMethod(TestInvoker.java:598)
at org.testng.internal.TestInvoker.invokeTestMethod(TestInvoker.java:173)
at org.testng.internal.MethodRunner.runInSequence(MethodRunner.java:46)
at org.testng.internal.TestInvoker$MethodInvocationAgent.invoke(TestInvoker.java:824)
at org.testng.internal.TestInvoker.invokeTestMethods(TestInvoker.java:146)
at org.testng.internal.TestMethodWorker.invokeTestMethods(TestMethodWorker.java:146)
at org.testng.internal.TestMethodWorker.run(TestMethodWorker.java:128)
at java.base/java.util.ArrayList.forEach(ArrayList.java:1511)
at org.testng.TestRunner.privateRun(TestRunner.java:794)
at org.testng.TestRunner.run(TestRunner.java:596)
at org.testng.SuiteRunner.runTest(SuiteRunner.java:377)
at org.testng.SuiteRunner.runSequentially(SuiteRunner.java:371)
at org.testng.SuiteRunner.privateRun(SuiteRunner.java:332)
at org.testng.SuiteRunner.run(SuiteRunner.java:276)
at org.testng.SuiteRunnerWorker.runSuite(SuiteRunnerWorker.java:53)
at org.testng.SuiteRunnerWorker.run(SuiteRunnerWorker.java:96)
at org.testng.TestNG.runSuitesSequentially(TestNG.java:1212)
at org.testng.TestNG.runSuitesLocally(TestNG.java:1134)
at org.testng.TestNG.runSuites(TestNG.java:1063)
at org.testng.TestNG.run(TestNG.java:1031)
at ilabs.MobileFramework.TestReader.run(TestReader.java:53)
at ilabs.MobileFramework.Runner.runOneIteration(Runner.java:149)
at ilabs.MobileFramework.Runner.runRangeOfIterations(Runner.java:113)
at ilabs.MobileFramework.Runner.run(Runner.java:64)
at coyni_mobile.runner.TestRunner.main(TestRunner.java:12)
]]>
            </full-stacktrace>
          </exception> <!-- java.lang.AssertionError -->
          <reporter-output>
          </reporter-output>
        </test-method> <!-- testTeamMemberFieldValidations -->
        <test-method is-config="true" signature="hideKeyBoard()[pri:0, instance:coyni_mobile_merchant.tests.MerchantProfileTest@388ba540]" started-at="2023-03-17T18:53:10 IST" name="hideKeyBoard" finished-at="2023-03-17T18:53:10 IST" duration-ms="1" status="SKIP">
          <exception class="org.testng.SkipException">
            <message>
              <![CDATA[Skipping this test]]>
            </message>
            <full-stacktrace>
              <![CDATA[org.testng.SkipException: Skipping this test
at ilabs.mobile.reporting.TestStatusListener.beforeInvocation(TestStatusListener.java:84)
at org.testng.internal.invokers.InvokedMethodListenerInvoker.invokeListener(InvokedMethodListenerInvoker.java:56)
at org.testng.internal.BaseInvoker.runInvokedMethodListeners(BaseInvoker.java:56)
at org.testng.internal.ConfigInvoker.invokeConfigurationMethod(ConfigInvoker.java:358)
at org.testng.internal.ConfigInvoker.invokeConfigurations(ConfigInvoker.java:321)
at org.testng.TestRunner.invokeTestConfigurations(TestRunner.java:637)
at org.testng.TestRunner.afterRun(TestRunner.java:877)
at org.testng.TestRunner.run(TestRunner.java:599)
at org.testng.SuiteRunner.runTest(SuiteRunner.java:377)
at org.testng.SuiteRunner.runSequentially(SuiteRunner.java:371)
at org.testng.SuiteRunner.privateRun(SuiteRunner.java:332)
at org.testng.SuiteRunner.run(SuiteRunner.java:276)
at org.testng.SuiteRunnerWorker.runSuite(SuiteRunnerWorker.java:53)
at org.testng.SuiteRunnerWorker.run(SuiteRunnerWorker.java:96)
at org.testng.TestNG.runSuitesSequentially(TestNG.java:1212)
at org.testng.TestNG.runSuitesLocally(TestNG.java:1134)
at org.testng.TestNG.runSuites(TestNG.java:1063)
at org.testng.TestNG.run(TestNG.java:1031)
at ilabs.MobileFramework.TestReader.run(TestReader.java:53)
at ilabs.MobileFramework.Runner.runOneIteration(Runner.java:149)
at ilabs.MobileFramework.Runner.runRangeOfIterations(Runner.java:113)
at ilabs.MobileFramework.Runner.run(Runner.java:64)
at coyni_mobile.runner.TestRunner.main(TestRunner.java:12)
]]>
            </full-stacktrace>
          </exception> <!-- org.testng.SkipException -->
          <reporter-output>
          </reporter-output>
        </test-method> <!-- hideKeyBoard -->
      </class> <!-- coyni_mobile_merchant.tests.MerchantProfileTest -->
    </test> <!-- coyni_mobile_merchant.tests.MerchantProfileTest.testTeamMemberFieldValidations -->
  </suite> <!-- Team Field Validations -->
</testng-results>
