<?xml version="1.0" encoding="UTF-8"?>
<!-- Generated by org.testng.reporters.JUnitXMLReporter -->
<testsuite ignored="42" hostname="DESKTOP-809396K" failures="0" tests="0" time="0.0" errors="0" timestamp="09 Jan 2022 08:50:25 GMT">
  <testcase classname="coyni.customer.tests.CustomerProfileTest" name="testUserDetailsAddImage" time="0.0">
    <ignored/>
  </testcase> <!-- testUserDetailsAddImage -->
  <testcase classname="coyni.customer.tests.CustomerProfileTest" name="testNotificationsDelete" time="0.0">
    <ignored/>
  </testcase> <!-- testNotificationsDelete -->
  <testcase classname="coyni.customer.tests.CustomerProfileTest" name="testNotificationsCount" time="0.0">
    <ignored/>
  </testcase> <!-- testNotificationsCount -->
  <testcase classname="coyni.customer.tests.CustomerProfileTest" name="testPreferences" time="0.0">
    <ignored/>
  </testcase> <!-- testPreferences -->
  <testcase classname="coyni.customer.tests.CustomerProfileTest" name="testVerifyNewPhoneNumberResendButton" time="0.0">
    <ignored/>
  </testcase> <!-- testVerifyNewPhoneNumberResendButton -->
  <testcase classname="coyni.customer.tests.CustomerProfileTest" name="testEditPhoneNumberWithValidCode" time="0.0">
    <ignored/>
  </testcase> <!-- testEditPhoneNumberWithValidCode -->
  <testcase classname="coyni.customer.tests.CustomerProfileTest" name="testNewPhoneNumberFieldWithInvalid" time="0.0">
    <ignored/>
  </testcase> <!-- testNewPhoneNumberFieldWithInvalid -->
  <testcase classname="coyni.customer.tests.CustomerProfileTest" name="testChangePassword" time="0.0">
    <ignored/>
  </testcase> <!-- testChangePassword -->
  <testcase classname="coyni.customer.tests.CustomerProfileTest" name="testLogout" time="0.0">
    <ignored/>
  </testcase> <!-- testLogout -->
  <testcase classname="coyni.customer.tests.CustomerProfileTest" name="testEditPhoneNumberVerificationCodeWithInvalidCode" time="0.0">
    <ignored/>
  </testcase> <!-- testEditPhoneNumberVerificationCodeWithInvalidCode -->
  <testcase classname="coyni.customer.tests.CustomerProfileTest" name="testVerifyCuurentPhoneNumberVerificationCode" time="0.0">
    <ignored/>
  </testcase> <!-- testVerifyCuurentPhoneNumberVerificationCode -->
  <testcase classname="coyni.customer.tests.CustomerProfileTest" name="testEditEmail" time="0.0">
    <ignored/>
  </testcase> <!-- testEditEmail -->
  <testcase classname="coyni.customer.tests.CustomerProfileTest" name="testNotificationsDeny" time="0.0">
    <ignored/>
  </testcase> <!-- testNotificationsDeny -->
  <testcase classname="coyni.customer.tests.CustomerProfileTest" name="testNotificationsPayInsufficientfunds" time="0.0">
    <ignored/>
  </testcase> <!-- testNotificationsPayInsufficientfunds -->
  <testcase classname="coyni.customer.tests.CustomerProfileTest" name="editAddress" time="0.0">
    <ignored/>
  </testcase> <!-- editAddress -->
  <testcase classname="coyni.customer.tests.CustomerProfileTest" name="testNewPhoneNumberVerificationCodeSendButton" time="0.0">
    <ignored/>
  </testcase> <!-- testNewPhoneNumberVerificationCodeSendButton -->
  <testcase classname="coyni.customer.tests.CustomerProfileTest" name="testVerifyCurrentPhoneNumberCrossButton" time="0.0">
    <ignored/>
  </testcase> <!-- testVerifyCurrentPhoneNumberCrossButton -->
  <testcase classname="coyni.customer.tests.CustomerProfileTest" name="testVerifyCurrentPhoneNumberResendVerificationCode" time="0.0">
    <ignored/>
  </testcase> <!-- testVerifyCurrentPhoneNumberResendVerificationCode -->
  <testcase classname="coyni.customer.tests.CustomerProfileTest" name="testEditEmailAddressWithInvalidAuthy" time="0.0">
    <ignored/>
  </testcase> <!-- testEditEmailAddressWithInvalidAuthy -->
  <testcase classname="coyni.customer.tests.CustomerProfileTest" name="testPreferencesSelectTimeZone" time="0.0">
    <ignored/>
  </testcase> <!-- testPreferencesSelectTimeZone -->
  <testcase classname="coyni.customer.tests.CustomerProfileTest" name="testChangePasswordInvalidCredentials" time="0.0">
    <ignored/>
  </testcase> <!-- testChangePasswordInvalidCredentials -->
  <testcase classname="coyni.customer.tests.CustomerProfileTest" name="testReminderNotification" time="0.0">
    <ignored/>
  </testcase> <!-- testReminderNotification -->
  <testcase classname="coyni.customer.tests.CustomerProfileTest" name="testLoginwithNewAccount" time="0.0">
    <ignored/>
  </testcase> <!-- testLoginwithNewAccount -->
  <testcase classname="coyni.customer.tests.CustomerProfileTest" name="testAccountLimits" time="0.0">
    <ignored/>
  </testcase> <!-- testAccountLimits -->
  <testcase classname="coyni.customer.tests.CustomerProfileTest" name="testRequestAmountPay" time="0.0">
    <ignored/>
  </testcase> <!-- testRequestAmountPay -->
  <testcase classname="coyni.customer.tests.CustomerProfileTest" name="testUserDetailsImageRemove" time="0.0">
    <ignored/>
  </testcase> <!-- testUserDetailsImageRemove -->
  <testcase classname="coyni.customer.tests.CustomerProfileTest" name="testNotificationsPaywithAmount" time="0.0">
    <ignored/>
  </testcase> <!-- testNotificationsPaywithAmount -->
  <testcase classname="coyni.customer.tests.CustomerProfileTest" name="testEditEmaiWithInvalidData" time="0.0">
    <ignored/>
  </testcase> <!-- testEditEmaiWithInvalidData -->
  <testcase classname="coyni.customer.tests.CustomerProfileTest" name="testRequestDeny" time="0.0">
    <ignored/>
  </testcase> <!-- testRequestDeny -->
  <testcase classname="coyni.customer.tests.CustomerProfileTest" name="testEditImageView" time="0.0">
    <ignored/>
  </testcase> <!-- testEditImageView -->
  <testcase classname="coyni.customer.tests.CustomerProfileTest" name="testVerifyCuurentPhoneNumberVerificationCodeWithInvalid" time="0.0">
    <ignored/>
  </testcase> <!-- testVerifyCuurentPhoneNumberVerificationCodeWithInvalid -->
  <testcase classname="coyni.customer.tests.CustomerProfileTest" name="testCancelNotifications" time="0.0">
    <ignored/>
  </testcase> <!-- testCancelNotifications -->
  <testcase classname="coyni.customer.tests.CustomerProfileTest" name="testEditPhoneNumberIcon" time="0.0">
    <ignored/>
  </testcase> <!-- testEditPhoneNumberIcon -->
  <testcase classname="coyni.customer.tests.CustomerProfileTest" name="testPreferencesDisplayed" time="0.0">
    <ignored/>
  </testcase> <!-- testPreferencesDisplayed -->
  <testcase classname="coyni.customer.tests.CustomerProfileTest" name="testNotificationsPay" time="0.0">
    <ignored/>
  </testcase> <!-- testNotificationsPay -->
  <testcase classname="coyni.customer.tests.CustomerProfileTest" name="testNotifications" time="0.0">
    <ignored/>
  </testcase> <!-- testNotifications -->
  <testcase classname="coyni.customer.tests.CustomerProfileTest" name="testUserDetailsView" time="0.0">
    <ignored/>
  </testcase> <!-- testUserDetailsView -->
  <testcase classname="coyni.customer.tests.CustomerProfileTest" name="testVerifyNewPhoneNumberWithValidData" time="0.0">
    <ignored/>
  </testcase> <!-- testVerifyNewPhoneNumberWithValidData -->
  <testcase classname="coyni.customer.tests.CustomerProfileTest" name="testChangePasswordInvalidAuthyCredentials" time="0.0">
    <ignored/>
  </testcase> <!-- testChangePasswordInvalidAuthyCredentials -->
  <testcase classname="coyni.customer.tests.CustomerProfileTest" name="testVerifyCurrentPhoneNumberBackButton" time="0.0">
    <ignored/>
  </testcase> <!-- testVerifyCurrentPhoneNumberBackButton -->
  <testcase classname="coyni.customer.tests.CustomerProfileTest" name="testClearAllNotifications" time="0.0">
    <ignored/>
  </testcase> <!-- testClearAllNotifications -->
  <testcase classname="coyni.customer.tests.CustomerProfileTest" name="testRequestPayInsufficientfunds" time="0.0">
    <ignored/>
  </testcase> <!-- testRequestPayInsufficientfunds -->
</testsuite>
